<?xml version="1.0" encoding="UTF-8"?>
<coverage generated="1733784442051" clover="3.2.0">
  <project timestamp="1733784442051" name="All files">
    <metrics statements="36" coveredstatements="35" conditionals="16" coveredconditionals="10" methods="4" coveredmethods="4" elements="56" coveredelements="49" complexity="0" loc="36" ncloc="36" packages="1" files="1" classes="1"/>
    <file name="userController.js" path="D:\Cursos\Desarrollo_web_Bootcamp\Modulo_02\Respaldo\ecommerce-Project\controllers\userController.js">
      <metrics statements="36" coveredstatements="35" conditionals="16" coveredconditionals="10" methods="4" coveredmethods="4"/>
      <line num="4" count="2" type="stmt"/>
      <line num="5" count="2" type="stmt"/>
      <line num="6" count="1" type="stmt"/>
      <line num="8" count="1" type="stmt"/>
      <line num="9" count="1" type="stmt"/>
      <line num="14" count="2" type="stmt"/>
      <line num="15" count="2" type="stmt"/>
      <line num="23" count="1" type="stmt"/>
      <line num="25" count="1" type="stmt"/>
      <line num="26" count="1" type="cond" truecount="1" falsecount="1"/>
      <line num="27" count="0" type="stmt"/>
      <line num="29" count="1" type="stmt"/>
      <line num="34" count="3" type="stmt"/>
      <line num="35" count="3" type="stmt"/>
      <line num="36" count="2" type="cond" truecount="2" falsecount="0"/>
      <line num="37" count="1" type="stmt"/>
      <line num="38" count="1" type="stmt"/>
      <line num="39" count="1" type="cond" truecount="1" falsecount="1"/>
      <line num="40" count="1" type="cond" truecount="1" falsecount="1"/>
      <line num="41" count="1" type="cond" truecount="1" falsecount="1"/>
      <line num="42" count="1" type="cond" truecount="1" falsecount="1"/>
      <line num="43" count="1" type="cond" truecount="1" falsecount="1"/>
      <line num="44" count="1" type="stmt"/>
      <line num="45" count="1" type="stmt"/>
      <line num="47" count="1" type="stmt"/>
      <line num="50" count="1" type="stmt"/>
      <line num="51" count="1" type="stmt"/>
      <line num="56" count="3" type="stmt"/>
      <line num="57" count="3" type="stmt"/>
      <line num="58" count="2" type="cond" truecount="2" falsecount="0"/>
      <line num="59" count="1" type="stmt"/>
      <line num="60" count="1" type="stmt"/>
      <line num="61" count="1" type="stmt"/>
      <line num="63" count="1" type="stmt"/>
      <line num="66" count="1" type="stmt"/>
      <line num="67" count="1" type="stmt"/>
    </file>
  </project>
</coverage>
