{"D:\\Cursos\\Desarrollo_web_Bootcamp\\Modulo_02\\Respaldo\\ecommerce-Project\\server.js": {"path":"D:\\Cursos\\Desarrollo_web_Bootcamp\\Modulo_02\\Respaldo\\ecommerce-Project\\server.js","statementMap":{"0":{"start":{"line":19,"column":19},"end":{"line":19,"column":28}},"1":{"start":{"line":20,"column":0},"end":{"line":20,"column":15}},"2":{"start":{"line":22,"column":0},"end":{"line":22,"column":40}},"3":{"start":{"line":24,"column":0},"end":{"line":24,"column":24}},"4":{"start":{"line":26,"column":0},"end":{"line":33,"column":2}},"5":{"start":{"line":27,"column":1},"end":{"line":27,"column":13}},"6":{"start":{"line":29,"column":17},"end":{"line":29,"column":64}},"7":{"start":{"line":31,"column":0},"end":{"line":33,"column":1}},"8":{"start":{"line":32,"column":2},"end":{"line":32,"column":46}},"9":{"start":{"line":35,"column":0},"end":{"line":35,"column":20}},"10":{"start":{"line":36,"column":0},"end":{"line":36,"column":20}},"11":{"start":{"line":37,"column":0},"end":{"line":37,"column":23}},"12":{"start":{"line":40,"column":0},"end":{"line":40,"column":24}},"13":{"start":{"line":42,"column":0},"end":{"line":42,"column":24}},"14":{"start":{"line":43,"column":0},"end":{"line":43,"column":24}},"15":{"start":{"line":46,"column":0},"end":{"line":50,"column":1}},"16":{"start":{"line":47,"column":0},"end":{"line":49,"column":3}},"17":{"start":{"line":48,"column":2},"end":{"line":48,"column":67}}},"fnMap":{"0":{"name":"(anonymous_0)","decl":{"start":{"line":47,"column":33},"end":{"line":47,"column":34}},"loc":{"start":{"line":47,"column":39},"end":{"line":49,"column":1}},"line":47}},"branchMap":{"0":{"loc":{"start":{"line":26,"column":0},"end":{"line":33,"column":2}},"type":"if","locations":[{"start":{"line":26,"column":0},"end":{"line":33,"column":2}},{"start":{},"end":{}}],"line":26},"1":{"loc":{"start":{"line":31,"column":0},"end":{"line":33,"column":1}},"type":"if","locations":[{"start":{"line":31,"column":0},"end":{"line":33,"column":1}},{"start":{},"end":{}}],"line":31},"2":{"loc":{"start":{"line":46,"column":0},"end":{"line":50,"column":1}},"type":"if","locations":[{"start":{"line":46,"column":0},"end":{"line":50,"column":1}},{"start":{},"end":{}}],"line":46}},"s":{"0":1,"1":1,"2":1,"3":1,"4":1,"5":0,"6":0,"7":0,"8":0,"9":1,"10":1,"11":1,"12":1,"13":1,"14":1,"15":1,"16":0,"17":0},"f":{"0":0},"b":{"0":[0,1],"1":[0,0],"2":[0,1]},"inputSourceMap":null,"_coverageSchema":"1a1c01bbd47fc00a2c39e90264f33305004495a9","hash":"3959c8f743425a5b3fa56924a660baf617a4da91"}
,"D:\\Cursos\\Desarrollo_web_Bootcamp\\Modulo_02\\Respaldo\\ecommerce-Project\\config\\db.js": {"path":"D:\\Cursos\\Desarrollo_web_Bootcamp\\Modulo_02\\Respaldo\\ecommerce-Project\\config\\db.js","statementMap":{"0":{"start":{"line":6,"column":2},"end":{"line":12,"column":3}},"1":{"start":{"line":7,"column":23},"end":{"line":7,"column":79}},"2":{"start":{"line":8,"column":4},"end":{"line":8,"column":53}},"3":{"start":{"line":10,"column":4},"end":{"line":10,"column":23}},"4":{"start":{"line":11,"column":4},"end":{"line":11,"column":20}}},"fnMap":{"0":{"name":"connectDB","decl":{"start":{"line":5,"column":15},"end":{"line":5,"column":24}},"loc":{"start":{"line":5,"column":27},"end":{"line":13,"column":1}},"line":5}},"branchMap":{},"s":{"0":0,"1":0,"2":0,"3":0,"4":0},"f":{"0":0},"b":{},"inputSourceMap":null,"_coverageSchema":"1a1c01bbd47fc00a2c39e90264f33305004495a9","hash":"0504d3b7db045139b4ea3b64276de3a8565da5be"}
,"D:\\Cursos\\Desarrollo_web_Bootcamp\\Modulo_02\\Respaldo\\ecommerce-Project\\config\\multerConfig.js": {"path":"D:\\Cursos\\Desarrollo_web_Bootcamp\\Modulo_02\\Respaldo\\ecommerce-Project\\config\\multerConfig.js","statementMap":{"0":{"start":{"line":5,"column":16},"end":{"line":12,"column":2}},"1":{"start":{"line":7,"column":4},"end":{"line":7,"column":65}},"2":{"start":{"line":10,"column":4},"end":{"line":10,"column":51}},"3":{"start":{"line":15,"column":19},"end":{"line":21,"column":1}},"4":{"start":{"line":16,"column":2},"end":{"line":20,"column":3}},"5":{"start":{"line":17,"column":4},"end":{"line":17,"column":19}},"6":{"start":{"line":19,"column":4},"end":{"line":19,"column":55}},"7":{"start":{"line":24,"column":15},"end":{"line":27,"column":2}}},"fnMap":{"0":{"name":"(anonymous_0)","decl":{"start":{"line":6,"column":15},"end":{"line":6,"column":16}},"loc":{"start":{"line":6,"column":34},"end":{"line":8,"column":3}},"line":6},"1":{"name":"(anonymous_1)","decl":{"start":{"line":9,"column":12},"end":{"line":9,"column":13}},"loc":{"start":{"line":9,"column":31},"end":{"line":11,"column":3}},"line":9},"2":{"name":"(anonymous_2)","decl":{"start":{"line":15,"column":19},"end":{"line":15,"column":20}},"loc":{"start":{"line":15,"column":38},"end":{"line":21,"column":1}},"line":15}},"branchMap":{"0":{"loc":{"start":{"line":16,"column":2},"end":{"line":20,"column":3}},"type":"if","locations":[{"start":{"line":16,"column":2},"end":{"line":20,"column":3}},{"start":{"line":18,"column":9},"end":{"line":20,"column":3}}],"line":16}},"s":{"0":1,"1":0,"2":0,"3":1,"4":0,"5":0,"6":0,"7":1},"f":{"0":0,"1":0,"2":0},"b":{"0":[0,0]},"inputSourceMap":null,"_coverageSchema":"1a1c01bbd47fc00a2c39e90264f33305004495a9","hash":"878091066fbfc09c583f8b4af3f5b93622359cc6"}
,"D:\\Cursos\\Desarrollo_web_Bootcamp\\Modulo_02\\Respaldo\\ecommerce-Project\\controllers\\CategoryControllers.js": {"path":"D:\\Cursos\\Desarrollo_web_Bootcamp\\Modulo_02\\Respaldo\\ecommerce-Project\\controllers\\CategoryControllers.js","statementMap":{"0":{"start":{"line":4,"column":2},"end":{"line":10,"column":3}},"1":{"start":{"line":5,"column":21},"end":{"line":5,"column":67}},"2":{"start":{"line":6,"column":4},"end":{"line":6,"column":30}},"3":{"start":{"line":9,"column":4},"end":{"line":9,"column":59}},"4":{"start":{"line":14,"column":2},"end":{"line":20,"column":3}},"5":{"start":{"line":15,"column":22},"end":{"line":15,"column":67}},"6":{"start":{"line":16,"column":4},"end":{"line":16,"column":31}},"7":{"start":{"line":19,"column":4},"end":{"line":19,"column":55}},"8":{"start":{"line":24,"column":2},"end":{"line":38,"column":3}},"9":{"start":{"line":25,"column":54},"end":{"line":25,"column":62}},"10":{"start":{"line":26,"column":24},"end":{"line":32,"column":6}},"11":{"start":{"line":34,"column":4},"end":{"line":34,"column":52}},"12":{"start":{"line":36,"column":4},"end":{"line":36,"column":23}},"13":{"start":{"line":37,"column":4},"end":{"line":37,"column":57}},"14":{"start":{"line":42,"column":2},"end":{"line":63,"column":3}},"15":{"start":{"line":43,"column":36},"end":{"line":43,"column":79}},"16":{"start":{"line":45,"column":4},"end":{"line":60,"column":5}},"17":{"start":{"line":46,"column":56},"end":{"line":46,"column":64}},"18":{"start":{"line":48,"column":6},"end":{"line":48,"column":74}},"19":{"start":{"line":49,"column":6},"end":{"line":50,"column":59}},"20":{"start":{"line":51,"column":6},"end":{"line":51,"column":80}},"21":{"start":{"line":52,"column":6},"end":{"line":52,"column":74}},"22":{"start":{"line":53,"column":6},"end":{"line":53,"column":74}},"23":{"start":{"line":55,"column":6},"end":{"line":55,"column":43}},"24":{"start":{"line":57,"column":6},"end":{"line":57,"column":58}},"25":{"start":{"line":59,"column":6},"end":{"line":59,"column":67}},"26":{"start":{"line":62,"column":4},"end":{"line":62,"column":23}},"27":{"start":{"line":67,"column":2},"end":{"line":78,"column":3}},"28":{"start":{"line":68,"column":34},"end":{"line":68,"column":77}},"29":{"start":{"line":69,"column":4},"end":{"line":75,"column":5}},"30":{"start":{"line":70,"column":6},"end":{"line":70,"column":50}},"31":{"start":{"line":71,"column":6},"end":{"line":71,"column":41}},"32":{"start":{"line":72,"column":6},"end":{"line":72,"column":54}},"33":{"start":{"line":74,"column":6},"end":{"line":74,"column":67}},"34":{"start":{"line":77,"column":4},"end":{"line":77,"column":23}}},"fnMap":{"0":{"name":"getALL","decl":{"start":{"line":3,"column":15},"end":{"line":3,"column":21}},"loc":{"start":{"line":3,"column":32},"end":{"line":11,"column":1}},"line":3},"1":{"name":"getById","decl":{"start":{"line":13,"column":15},"end":{"line":13,"column":22}},"loc":{"start":{"line":13,"column":33},"end":{"line":21,"column":1}},"line":13},"2":{"name":"create","decl":{"start":{"line":23,"column":15},"end":{"line":23,"column":21}},"loc":{"start":{"line":23,"column":32},"end":{"line":39,"column":1}},"line":23},"3":{"name":"update","decl":{"start":{"line":41,"column":15},"end":{"line":41,"column":21}},"loc":{"start":{"line":41,"column":32},"end":{"line":64,"column":1}},"line":41},"4":{"name":"destroy","decl":{"start":{"line":66,"column":15},"end":{"line":66,"column":22}},"loc":{"start":{"line":66,"column":33},"end":{"line":79,"column":1}},"line":66}},"branchMap":{"0":{"loc":{"start":{"line":45,"column":4},"end":{"line":60,"column":5}},"type":"if","locations":[{"start":{"line":45,"column":4},"end":{"line":60,"column":5}},{"start":{"line":58,"column":11},"end":{"line":60,"column":5}}],"line":45},"1":{"loc":{"start":{"line":48,"column":37},"end":{"line":48,"column":73}},"type":"binary-expr","locations":[{"start":{"line":48,"column":37},"end":{"line":48,"column":41}},{"start":{"line":48,"column":45},"end":{"line":48,"column":73}}],"line":48},"2":{"loc":{"start":{"line":50,"column":8},"end":{"line":50,"column":58}},"type":"binary-expr","locations":[{"start":{"line":50,"column":8},"end":{"line":50,"column":19}},{"start":{"line":50,"column":23},"end":{"line":50,"column":58}}],"line":50},"3":{"loc":{"start":{"line":51,"column":39},"end":{"line":51,"column":79}},"type":"binary-expr","locations":[{"start":{"line":51,"column":39},"end":{"line":51,"column":45}},{"start":{"line":51,"column":49},"end":{"line":51,"column":79}}],"line":51},"4":{"loc":{"start":{"line":52,"column":37},"end":{"line":52,"column":73}},"type":"binary-expr","locations":[{"start":{"line":52,"column":37},"end":{"line":52,"column":41}},{"start":{"line":52,"column":45},"end":{"line":52,"column":73}}],"line":52},"5":{"loc":{"start":{"line":53,"column":37},"end":{"line":53,"column":73}},"type":"binary-expr","locations":[{"start":{"line":53,"column":37},"end":{"line":53,"column":41}},{"start":{"line":53,"column":45},"end":{"line":53,"column":73}}],"line":53},"6":{"loc":{"start":{"line":69,"column":4},"end":{"line":75,"column":5}},"type":"if","locations":[{"start":{"line":69,"column":4},"end":{"line":75,"column":5}},{"start":{"line":73,"column":11},"end":{"line":75,"column":5}}],"line":69}},"s":{"0":2,"1":2,"2":1,"3":1,"4":2,"5":2,"6":1,"7":1,"8":2,"9":2,"10":2,"11":1,"12":1,"13":1,"14":3,"15":3,"16":2,"17":1,"18":1,"19":1,"20":1,"21":1,"22":1,"23":1,"24":1,"25":1,"26":1,"27":3,"28":3,"29":2,"30":1,"31":1,"32":1,"33":1,"34":1},"f":{"0":2,"1":2,"2":2,"3":3,"4":3},"b":{"0":[1,1],"1":[1,0],"2":[1,0],"3":[1,1],"4":[1,1],"5":[1,1],"6":[1,1]},"inputSourceMap":null,"_coverageSchema":"1a1c01bbd47fc00a2c39e90264f33305004495a9","hash":"145ed5fa62e3e116e1f3728fcb35b83ed7ada1b7"}
,"D:\\Cursos\\Desarrollo_web_Bootcamp\\Modulo_02\\Respaldo\\ecommerce-Project\\controllers\\authController.js": {"path":"D:\\Cursos\\Desarrollo_web_Bootcamp\\Modulo_02\\Respaldo\\ecommerce-Project\\controllers\\authController.js","statementMap":{"0":{"start":{"line":6,"column":2},"end":{"line":24,"column":3}},"1":{"start":{"line":7,"column":17},"end":{"line":9,"column":6}},"2":{"start":{"line":10,"column":4},"end":{"line":19,"column":5}},"3":{"start":{"line":11,"column":22},"end":{"line":11,"column":76}},"4":{"start":{"line":12,"column":6},"end":{"line":18,"column":7}},"5":{"start":{"line":13,"column":22},"end":{"line":16,"column":9}},"6":{"start":{"line":17,"column":8},"end":{"line":17,"column":54}},"7":{"start":{"line":20,"column":4},"end":{"line":20,"column":66}},"8":{"start":{"line":22,"column":4},"end":{"line":22,"column":23}},"9":{"start":{"line":23,"column":4},"end":{"line":23,"column":59}}},"fnMap":{"0":{"name":"login","decl":{"start":{"line":5,"column":15},"end":{"line":5,"column":20}},"loc":{"start":{"line":5,"column":31},"end":{"line":25,"column":1}},"line":5}},"branchMap":{"0":{"loc":{"start":{"line":10,"column":4},"end":{"line":19,"column":5}},"type":"if","locations":[{"start":{"line":10,"column":4},"end":{"line":19,"column":5}},{"start":{},"end":{}}],"line":10},"1":{"loc":{"start":{"line":12,"column":6},"end":{"line":18,"column":7}},"type":"if","locations":[{"start":{"line":12,"column":6},"end":{"line":18,"column":7}},{"start":{},"end":{}}],"line":12}},"s":{"0":3,"1":3,"2":2,"3":2,"4":2,"5":1,"6":1,"7":1,"8":1,"9":1},"f":{"0":3},"b":{"0":[2,0],"1":[1,1]},"inputSourceMap":null,"_coverageSchema":"1a1c01bbd47fc00a2c39e90264f33305004495a9","hash":"9cfa1f3735bbcf1f5ce991f66d8530517dd7fd3c"}
,"D:\\Cursos\\Desarrollo_web_Bootcamp\\Modulo_02\\Respaldo\\ecommerce-Project\\controllers\\locationController.js": {"path":"D:\\Cursos\\Desarrollo_web_Bootcamp\\Modulo_02\\Respaldo\\ecommerce-Project\\controllers\\locationController.js","statementMap":{"0":{"start":{"line":5,"column":2},"end":{"line":15,"column":3}},"1":{"start":{"line":6,"column":22},"end":{"line":11,"column":6}},"2":{"start":{"line":12,"column":4},"end":{"line":12,"column":47}},"3":{"start":{"line":14,"column":4},"end":{"line":14,"column":40}},"4":{"start":{"line":19,"column":2},"end":{"line":28,"column":3}},"5":{"start":{"line":20,"column":21},"end":{"line":20,"column":76}},"6":{"start":{"line":21,"column":4},"end":{"line":25,"column":5}},"7":{"start":{"line":22,"column":6},"end":{"line":22,"column":37}},"8":{"start":{"line":24,"column":6},"end":{"line":24,"column":53}},"9":{"start":{"line":27,"column":4},"end":{"line":27,"column":40}},"10":{"start":{"line":32,"column":2},"end":{"line":45,"column":3}},"11":{"start":{"line":33,"column":39},"end":{"line":33,"column":47}},"12":{"start":{"line":34,"column":17},"end":{"line":34,"column":28}},"13":{"start":{"line":35,"column":24},"end":{"line":40,"column":6}},"14":{"start":{"line":41,"column":4},"end":{"line":41,"column":64}},"15":{"start":{"line":43,"column":4},"end":{"line":43,"column":23}},"16":{"start":{"line":44,"column":4},"end":{"line":44,"column":47}},"17":{"start":{"line":49,"column":2},"end":{"line":66,"column":3}},"18":{"start":{"line":50,"column":27},"end":{"line":50,"column":63}},"19":{"start":{"line":51,"column":4},"end":{"line":62,"column":5}},"20":{"start":{"line":52,"column":41},"end":{"line":52,"column":49}},"21":{"start":{"line":54,"column":6},"end":{"line":54,"column":56}},"22":{"start":{"line":55,"column":6},"end":{"line":55,"column":65}},"23":{"start":{"line":56,"column":6},"end":{"line":56,"column":65}},"24":{"start":{"line":58,"column":6},"end":{"line":58,"column":34}},"25":{"start":{"line":59,"column":6},"end":{"line":59,"column":50}},"26":{"start":{"line":61,"column":6},"end":{"line":61,"column":67}},"27":{"start":{"line":64,"column":4},"end":{"line":64,"column":23}},"28":{"start":{"line":65,"column":4},"end":{"line":65,"column":47}},"29":{"start":{"line":70,"column":2},"end":{"line":83,"column":3}},"30":{"start":{"line":71,"column":29},"end":{"line":71,"column":65}},"31":{"start":{"line":73,"column":4},"end":{"line":79,"column":5}},"32":{"start":{"line":74,"column":6},"end":{"line":74,"column":45}},"33":{"start":{"line":75,"column":6},"end":{"line":75,"column":30}},"34":{"start":{"line":76,"column":6},"end":{"line":76,"column":79}},"35":{"start":{"line":78,"column":6},"end":{"line":78,"column":67}},"36":{"start":{"line":81,"column":4},"end":{"line":81,"column":23}},"37":{"start":{"line":82,"column":4},"end":{"line":82,"column":47}}},"fnMap":{"0":{"name":"getAll","decl":{"start":{"line":4,"column":22},"end":{"line":4,"column":28}},"loc":{"start":{"line":4,"column":39},"end":{"line":16,"column":1}},"line":4},"1":{"name":"getLocationById","decl":{"start":{"line":18,"column":22},"end":{"line":18,"column":37}},"loc":{"start":{"line":18,"column":48},"end":{"line":29,"column":1}},"line":18},"2":{"name":"create","decl":{"start":{"line":31,"column":22},"end":{"line":31,"column":28}},"loc":{"start":{"line":31,"column":39},"end":{"line":46,"column":1}},"line":31},"3":{"name":"update","decl":{"start":{"line":48,"column":22},"end":{"line":48,"column":28}},"loc":{"start":{"line":48,"column":39},"end":{"line":67,"column":1}},"line":48},"4":{"name":"destroy","decl":{"start":{"line":69,"column":22},"end":{"line":69,"column":29}},"loc":{"start":{"line":69,"column":40},"end":{"line":84,"column":1}},"line":69}},"branchMap":{"0":{"loc":{"start":{"line":21,"column":4},"end":{"line":25,"column":5}},"type":"if","locations":[{"start":{"line":21,"column":4},"end":{"line":25,"column":5}},{"start":{"line":23,"column":11},"end":{"line":25,"column":5}}],"line":21},"1":{"loc":{"start":{"line":51,"column":4},"end":{"line":62,"column":5}},"type":"if","locations":[{"start":{"line":51,"column":4},"end":{"line":62,"column":5}},{"start":{"line":60,"column":11},"end":{"line":62,"column":5}}],"line":51},"2":{"loc":{"start":{"line":54,"column":28},"end":{"line":54,"column":55}},"type":"binary-expr","locations":[{"start":{"line":54,"column":28},"end":{"line":54,"column":32}},{"start":{"line":54,"column":36},"end":{"line":54,"column":55}}],"line":54},"3":{"loc":{"start":{"line":55,"column":31},"end":{"line":55,"column":64}},"type":"binary-expr","locations":[{"start":{"line":55,"column":31},"end":{"line":55,"column":38}},{"start":{"line":55,"column":42},"end":{"line":55,"column":64}}],"line":55},"4":{"loc":{"start":{"line":56,"column":31},"end":{"line":56,"column":64}},"type":"binary-expr","locations":[{"start":{"line":56,"column":31},"end":{"line":56,"column":38}},{"start":{"line":56,"column":42},"end":{"line":56,"column":64}}],"line":56},"5":{"loc":{"start":{"line":73,"column":4},"end":{"line":79,"column":5}},"type":"if","locations":[{"start":{"line":73,"column":4},"end":{"line":79,"column":5}},{"start":{"line":77,"column":11},"end":{"line":79,"column":5}}],"line":73}},"s":{"0":2,"1":2,"2":1,"3":1,"4":3,"5":3,"6":2,"7":1,"8":1,"9":1,"10":2,"11":2,"12":2,"13":2,"14":1,"15":1,"16":1,"17":3,"18":3,"19":2,"20":1,"21":1,"22":1,"23":1,"24":1,"25":1,"26":1,"27":1,"28":1,"29":3,"30":3,"31":2,"32":1,"33":1,"34":1,"35":1,"36":1,"37":1},"f":{"0":2,"1":3,"2":2,"3":3,"4":3},"b":{"0":[1,1],"1":[1,1],"2":[1,0],"3":[1,0],"4":[1,0],"5":[1,1]},"inputSourceMap":null,"_coverageSchema":"1a1c01bbd47fc00a2c39e90264f33305004495a9","hash":"c442d41a0f0379fa7237506c08279db56dc85d2f"}
,"D:\\Cursos\\Desarrollo_web_Bootcamp\\Modulo_02\\Respaldo\\ecommerce-Project\\controllers\\productController.js": {"path":"D:\\Cursos\\Desarrollo_web_Bootcamp\\Modulo_02\\Respaldo\\ecommerce-Project\\controllers\\productController.js","statementMap":{"0":{"start":{"line":5,"column":2},"end":{"line":14,"column":3}},"1":{"start":{"line":6,"column":21},"end":{"line":9,"column":5}},"2":{"start":{"line":10,"column":4},"end":{"line":10,"column":44}},"3":{"start":{"line":11,"column":4},"end":{"line":11,"column":42}},"4":{"start":{"line":13,"column":4},"end":{"line":13,"column":46}},"5":{"start":{"line":30,"column":2},"end":{"line":39,"column":3}},"6":{"start":{"line":31,"column":20},"end":{"line":31,"column":78}},"7":{"start":{"line":32,"column":4},"end":{"line":36,"column":5}},"8":{"start":{"line":33,"column":6},"end":{"line":33,"column":36}},"9":{"start":{"line":35,"column":6},"end":{"line":35,"column":53}},"10":{"start":{"line":38,"column":4},"end":{"line":38,"column":40}},"11":{"start":{"line":43,"column":2},"end":{"line":67,"column":3}},"12":{"start":{"line":45,"column":6},"end":{"line":45,"column":14}},"13":{"start":{"line":46,"column":24},"end":{"line":46,"column":26}},"14":{"start":{"line":48,"column":4},"end":{"line":50,"column":5}},"15":{"start":{"line":49,"column":6},"end":{"line":49,"column":38}},"16":{"start":{"line":52,"column":23},"end":{"line":62,"column":6}},"17":{"start":{"line":64,"column":4},"end":{"line":64,"column":76}},"18":{"start":{"line":66,"column":4},"end":{"line":66,"column":40}},"19":{"start":{"line":71,"column":2},"end":{"line":97,"column":3}},"20":{"start":{"line":72,"column":20},"end":{"line":72,"column":55}},"21":{"start":{"line":73,"column":4},"end":{"line":94,"column":5}},"22":{"start":{"line":75,"column":8},"end":{"line":75,"column":16}},"23":{"start":{"line":76,"column":26},"end":{"line":76,"column":28}},"24":{"start":{"line":78,"column":6},"end":{"line":80,"column":7}},"25":{"start":{"line":79,"column":8},"end":{"line":79,"column":40}},"26":{"start":{"line":81,"column":6},"end":{"line":81,"column":42}},"27":{"start":{"line":82,"column":6},"end":{"line":82,"column":42}},"28":{"start":{"line":83,"column":6},"end":{"line":83,"column":45}},"29":{"start":{"line":84,"column":6},"end":{"line":84,"column":45}},"30":{"start":{"line":85,"column":6},"end":{"line":85,"column":54}},"31":{"start":{"line":86,"column":6},"end":{"line":86,"column":45}},"32":{"start":{"line":87,"column":6},"end":{"line":87,"column":53}},"33":{"start":{"line":88,"column":6},"end":{"line":88,"column":63}},"34":{"start":{"line":89,"column":6},"end":{"line":89,"column":42}},"35":{"start":{"line":90,"column":6},"end":{"line":90,"column":27}},"36":{"start":{"line":91,"column":6},"end":{"line":91,"column":43}},"37":{"start":{"line":93,"column":6},"end":{"line":93,"column":66}},"38":{"start":{"line":96,"column":4},"end":{"line":96,"column":40}},"39":{"start":{"line":101,"column":2},"end":{"line":112,"column":3}},"40":{"start":{"line":102,"column":27},"end":{"line":102,"column":62}},"41":{"start":{"line":103,"column":4},"end":{"line":109,"column":5}},"42":{"start":{"line":104,"column":6},"end":{"line":104,"column":43}},"43":{"start":{"line":105,"column":6},"end":{"line":105,"column":34}},"44":{"start":{"line":106,"column":6},"end":{"line":106,"column":79}},"45":{"start":{"line":108,"column":6},"end":{"line":108,"column":66}},"46":{"start":{"line":111,"column":4},"end":{"line":111,"column":40}}},"fnMap":{"0":{"name":"getAll","decl":{"start":{"line":4,"column":22},"end":{"line":4,"column":28}},"loc":{"start":{"line":4,"column":39},"end":{"line":15,"column":1}},"line":4},"1":{"name":"getOneById","decl":{"start":{"line":29,"column":22},"end":{"line":29,"column":32}},"loc":{"start":{"line":29,"column":43},"end":{"line":40,"column":1}},"line":29},"2":{"name":"create","decl":{"start":{"line":42,"column":22},"end":{"line":42,"column":28}},"loc":{"start":{"line":42,"column":39},"end":{"line":68,"column":1}},"line":42},"3":{"name":"update","decl":{"start":{"line":70,"column":22},"end":{"line":70,"column":28}},"loc":{"start":{"line":70,"column":39},"end":{"line":98,"column":1}},"line":70},"4":{"name":"destroy","decl":{"start":{"line":100,"column":22},"end":{"line":100,"column":29}},"loc":{"start":{"line":100,"column":40},"end":{"line":113,"column":1}},"line":100}},"branchMap":{"0":{"loc":{"start":{"line":32,"column":4},"end":{"line":36,"column":5}},"type":"if","locations":[{"start":{"line":32,"column":4},"end":{"line":36,"column":5}},{"start":{"line":34,"column":11},"end":{"line":36,"column":5}}],"line":32},"1":{"loc":{"start":{"line":73,"column":4},"end":{"line":94,"column":5}},"type":"if","locations":[{"start":{"line":73,"column":4},"end":{"line":94,"column":5}},{"start":{"line":92,"column":11},"end":{"line":94,"column":5}}],"line":73},"2":{"loc":{"start":{"line":81,"column":21},"end":{"line":81,"column":41}},"type":"binary-expr","locations":[{"start":{"line":81,"column":21},"end":{"line":81,"column":25}},{"start":{"line":81,"column":29},"end":{"line":81,"column":41}}],"line":81},"3":{"loc":{"start":{"line":82,"column":21},"end":{"line":82,"column":41}},"type":"binary-expr","locations":[{"start":{"line":82,"column":21},"end":{"line":82,"column":25}},{"start":{"line":82,"column":29},"end":{"line":82,"column":41}}],"line":82},"4":{"loc":{"start":{"line":83,"column":22},"end":{"line":83,"column":44}},"type":"binary-expr","locations":[{"start":{"line":83,"column":22},"end":{"line":83,"column":27}},{"start":{"line":83,"column":31},"end":{"line":83,"column":44}}],"line":83},"5":{"loc":{"start":{"line":84,"column":22},"end":{"line":84,"column":44}},"type":"binary-expr","locations":[{"start":{"line":84,"column":22},"end":{"line":84,"column":27}},{"start":{"line":84,"column":31},"end":{"line":84,"column":44}}],"line":84},"6":{"loc":{"start":{"line":85,"column":25},"end":{"line":85,"column":53}},"type":"binary-expr","locations":[{"start":{"line":85,"column":25},"end":{"line":85,"column":33}},{"start":{"line":85,"column":37},"end":{"line":85,"column":53}}],"line":85},"7":{"loc":{"start":{"line":86,"column":22},"end":{"line":86,"column":44}},"type":"binary-expr","locations":[{"start":{"line":86,"column":22},"end":{"line":86,"column":27}},{"start":{"line":86,"column":31},"end":{"line":86,"column":44}}],"line":86},"8":{"loc":{"start":{"line":87,"column":23},"end":{"line":87,"column":52}},"type":"binary-expr","locations":[{"start":{"line":87,"column":23},"end":{"line":87,"column":34}},{"start":{"line":87,"column":38},"end":{"line":87,"column":52}}],"line":87},"9":{"loc":{"start":{"line":88,"column":28},"end":{"line":88,"column":62}},"type":"binary-expr","locations":[{"start":{"line":88,"column":28},"end":{"line":88,"column":39}},{"start":{"line":88,"column":43},"end":{"line":88,"column":62}}],"line":88},"10":{"loc":{"start":{"line":89,"column":21},"end":{"line":89,"column":41}},"type":"binary-expr","locations":[{"start":{"line":89,"column":21},"end":{"line":89,"column":25}},{"start":{"line":89,"column":29},"end":{"line":89,"column":41}}],"line":89},"11":{"loc":{"start":{"line":103,"column":4},"end":{"line":109,"column":5}},"type":"if","locations":[{"start":{"line":103,"column":4},"end":{"line":109,"column":5}},{"start":{"line":107,"column":11},"end":{"line":109,"column":5}}],"line":103}},"s":{"0":2,"1":2,"2":1,"3":1,"4":1,"5":3,"6":3,"7":2,"8":1,"9":1,"10":1,"11":2,"12":2,"13":2,"14":2,"15":4,"16":2,"17":1,"18":1,"19":3,"20":3,"21":2,"22":1,"23":1,"24":1,"25":2,"26":1,"27":1,"28":1,"29":1,"30":1,"31":1,"32":1,"33":1,"34":1,"35":1,"36":1,"37":1,"38":1,"39":3,"40":3,"41":2,"42":1,"43":1,"44":1,"45":1,"46":1},"f":{"0":2,"1":3,"2":2,"3":3,"4":3},"b":{"0":[1,1],"1":[1,1],"2":[1,0],"3":[1,0],"4":[1,0],"5":[1,0],"6":[1,0],"7":[1,0],"8":[1,0],"9":[1,0],"10":[1,0],"11":[1,1]},"inputSourceMap":null,"_coverageSchema":"1a1c01bbd47fc00a2c39e90264f33305004495a9","hash":"b991b308930ce0b49c247c30e9819db8226324ca"}
,"D:\\Cursos\\Desarrollo_web_Bootcamp\\Modulo_02\\Respaldo\\ecommerce-Project\\controllers\\purchOrdController.js": {"path":"D:\\Cursos\\Desarrollo_web_Bootcamp\\Modulo_02\\Respaldo\\ecommerce-Project\\controllers\\purchOrdController.js","statementMap":{"0":{"start":{"line":7,"column":2},"end":{"line":24,"column":3}},"1":{"start":{"line":8,"column":19},"end":{"line":18,"column":58}},"2":{"start":{"line":20,"column":4},"end":{"line":20,"column":44}},"3":{"start":{"line":22,"column":4},"end":{"line":22,"column":23}},"4":{"start":{"line":23,"column":4},"end":{"line":23,"column":70}},"5":{"start":{"line":28,"column":2},"end":{"line":47,"column":3}},"6":{"start":{"line":29,"column":19},"end":{"line":38,"column":8}},"7":{"start":{"line":40,"column":4},"end":{"line":42,"column":5}},"8":{"start":{"line":41,"column":6},"end":{"line":41,"column":42}},"9":{"start":{"line":43,"column":4},"end":{"line":43,"column":66}},"10":{"start":{"line":45,"column":4},"end":{"line":45,"column":23}},"11":{"start":{"line":46,"column":4},"end":{"line":46,"column":70}},"12":{"start":{"line":51,"column":2},"end":{"line":66,"column":3}},"13":{"start":{"line":52,"column":21},"end":{"line":52,"column":66}},"14":{"start":{"line":53,"column":54},"end":{"line":53,"column":62}},"15":{"start":{"line":55,"column":29},"end":{"line":61,"column":6}},"16":{"start":{"line":62,"column":4},"end":{"line":62,"column":70}},"17":{"start":{"line":64,"column":4},"end":{"line":64,"column":23}},"18":{"start":{"line":65,"column":4},"end":{"line":65,"column":57}},"19":{"start":{"line":70,"column":2},"end":{"line":84,"column":3}},"20":{"start":{"line":71,"column":18},"end":{"line":71,"column":59}},"21":{"start":{"line":73,"column":4},"end":{"line":79,"column":5}},"22":{"start":{"line":74,"column":6},"end":{"line":74,"column":34}},"23":{"start":{"line":75,"column":6},"end":{"line":75,"column":19}},"24":{"start":{"line":76,"column":6},"end":{"line":78,"column":65}},"25":{"start":{"line":80,"column":4},"end":{"line":80,"column":74}},"26":{"start":{"line":82,"column":4},"end":{"line":82,"column":23}},"27":{"start":{"line":83,"column":4},"end":{"line":83,"column":57}}},"fnMap":{"0":{"name":"getAll","decl":{"start":{"line":6,"column":15},"end":{"line":6,"column":21}},"loc":{"start":{"line":6,"column":32},"end":{"line":25,"column":1}},"line":6},"1":{"name":"getByuserId","decl":{"start":{"line":27,"column":15},"end":{"line":27,"column":26}},"loc":{"start":{"line":27,"column":37},"end":{"line":48,"column":1}},"line":27},"2":{"name":"create","decl":{"start":{"line":50,"column":15},"end":{"line":50,"column":21}},"loc":{"start":{"line":50,"column":32},"end":{"line":67,"column":1}},"line":50},"3":{"name":"destroy","decl":{"start":{"line":69,"column":15},"end":{"line":69,"column":22}},"loc":{"start":{"line":69,"column":33},"end":{"line":85,"column":1}},"line":69}},"branchMap":{"0":{"loc":{"start":{"line":40,"column":4},"end":{"line":42,"column":5}},"type":"if","locations":[{"start":{"line":40,"column":4},"end":{"line":42,"column":5}},{"start":{},"end":{}}],"line":40},"1":{"loc":{"start":{"line":73,"column":4},"end":{"line":79,"column":5}},"type":"if","locations":[{"start":{"line":73,"column":4},"end":{"line":79,"column":5}},{"start":{},"end":{}}],"line":73}},"s":{"0":2,"1":2,"2":1,"3":1,"4":1,"5":3,"6":3,"7":2,"8":1,"9":1,"10":1,"11":1,"12":3,"13":3,"14":2,"15":2,"16":2,"17":1,"18":1,"19":3,"20":3,"21":2,"22":1,"23":1,"24":1,"25":1,"26":1,"27":1},"f":{"0":2,"1":3,"2":3,"3":3},"b":{"0":[1,1],"1":[1,1]},"inputSourceMap":null,"_coverageSchema":"1a1c01bbd47fc00a2c39e90264f33305004495a9","hash":"825a0ae0c94ff57e4a28d299c331327b96715d11"}
,"D:\\Cursos\\Desarrollo_web_Bootcamp\\Modulo_02\\Respaldo\\ecommerce-Project\\controllers\\userController.js": {"path":"D:\\Cursos\\Desarrollo_web_Bootcamp\\Modulo_02\\Respaldo\\ecommerce-Project\\controllers\\userController.js","statementMap":{"0":{"start":{"line":4,"column":2},"end":{"line":10,"column":3}},"1":{"start":{"line":5,"column":18},"end":{"line":5,"column":35}},"2":{"start":{"line":6,"column":4},"end":{"line":6,"column":39}},"3":{"start":{"line":8,"column":4},"end":{"line":8,"column":23}},"4":{"start":{"line":9,"column":4},"end":{"line":9,"column":47}},"5":{"start":{"line":14,"column":2},"end":{"line":30,"column":3}},"6":{"start":{"line":15,"column":20},"end":{"line":22,"column":6}},"7":{"start":{"line":23,"column":4},"end":{"line":23,"column":73}},"8":{"start":{"line":25,"column":4},"end":{"line":25,"column":23}},"9":{"start":{"line":26,"column":4},"end":{"line":28,"column":5}},"10":{"start":{"line":27,"column":6},"end":{"line":27,"column":76}},"11":{"start":{"line":29,"column":4},"end":{"line":29,"column":46}},"12":{"start":{"line":34,"column":2},"end":{"line":52,"column":3}},"13":{"start":{"line":35,"column":17},"end":{"line":35,"column":49}},"14":{"start":{"line":36,"column":4},"end":{"line":48,"column":5}},"15":{"start":{"line":37,"column":50},"end":{"line":37,"column":58}},"16":{"start":{"line":38,"column":21},"end":{"line":38,"column":38}},"17":{"start":{"line":39,"column":6},"end":{"line":39,"column":36}},"18":{"start":{"line":40,"column":6},"end":{"line":40,"column":48}},"19":{"start":{"line":41,"column":6},"end":{"line":41,"column":39}},"20":{"start":{"line":42,"column":6},"end":{"line":42,"column":48}},"21":{"start":{"line":43,"column":6},"end":{"line":43,"column":42}},"22":{"start":{"line":44,"column":6},"end":{"line":44,"column":24}},"23":{"start":{"line":45,"column":6},"end":{"line":45,"column":64}},"24":{"start":{"line":47,"column":6},"end":{"line":47,"column":63}},"25":{"start":{"line":50,"column":4},"end":{"line":50,"column":23}},"26":{"start":{"line":51,"column":4},"end":{"line":51,"column":46}},"27":{"start":{"line":56,"column":2},"end":{"line":68,"column":3}},"28":{"start":{"line":57,"column":25},"end":{"line":57,"column":57}},"29":{"start":{"line":58,"column":4},"end":{"line":64,"column":5}},"30":{"start":{"line":59,"column":6},"end":{"line":59,"column":41}},"31":{"start":{"line":60,"column":6},"end":{"line":60,"column":32}},"32":{"start":{"line":61,"column":6},"end":{"line":61,"column":76}},"33":{"start":{"line":63,"column":6},"end":{"line":63,"column":63}},"34":{"start":{"line":66,"column":4},"end":{"line":66,"column":23}},"35":{"start":{"line":67,"column":4},"end":{"line":67,"column":46}}},"fnMap":{"0":{"name":"getAll","decl":{"start":{"line":3,"column":22},"end":{"line":3,"column":28}},"loc":{"start":{"line":3,"column":39},"end":{"line":11,"column":1}},"line":3},"1":{"name":"create","decl":{"start":{"line":13,"column":22},"end":{"line":13,"column":28}},"loc":{"start":{"line":13,"column":39},"end":{"line":31,"column":1}},"line":13},"2":{"name":"update","decl":{"start":{"line":33,"column":22},"end":{"line":33,"column":28}},"loc":{"start":{"line":33,"column":39},"end":{"line":53,"column":1}},"line":33},"3":{"name":"destroy","decl":{"start":{"line":55,"column":22},"end":{"line":55,"column":29}},"loc":{"start":{"line":55,"column":40},"end":{"line":69,"column":1}},"line":55}},"branchMap":{"0":{"loc":{"start":{"line":26,"column":4},"end":{"line":28,"column":5}},"type":"if","locations":[{"start":{"line":26,"column":4},"end":{"line":28,"column":5}},{"start":{},"end":{}}],"line":26},"1":{"loc":{"start":{"line":36,"column":4},"end":{"line":48,"column":5}},"type":"if","locations":[{"start":{"line":36,"column":4},"end":{"line":48,"column":5}},{"start":{"line":46,"column":11},"end":{"line":48,"column":5}}],"line":36},"2":{"loc":{"start":{"line":39,"column":18},"end":{"line":39,"column":35}},"type":"binary-expr","locations":[{"start":{"line":39,"column":18},"end":{"line":39,"column":22}},{"start":{"line":39,"column":26},"end":{"line":39,"column":35}}],"line":39},"3":{"loc":{"start":{"line":40,"column":22},"end":{"line":40,"column":47}},"type":"binary-expr","locations":[{"start":{"line":40,"column":22},"end":{"line":40,"column":30}},{"start":{"line":40,"column":34},"end":{"line":40,"column":47}}],"line":40},"4":{"loc":{"start":{"line":41,"column":19},"end":{"line":41,"column":38}},"type":"binary-expr","locations":[{"start":{"line":41,"column":19},"end":{"line":41,"column":24}},{"start":{"line":41,"column":28},"end":{"line":41,"column":38}}],"line":41},"5":{"loc":{"start":{"line":42,"column":22},"end":{"line":42,"column":47}},"type":"binary-expr","locations":[{"start":{"line":42,"column":22},"end":{"line":42,"column":30}},{"start":{"line":42,"column":34},"end":{"line":42,"column":47}}],"line":42},"6":{"loc":{"start":{"line":43,"column":20},"end":{"line":43,"column":41}},"type":"binary-expr","locations":[{"start":{"line":43,"column":20},"end":{"line":43,"column":26}},{"start":{"line":43,"column":30},"end":{"line":43,"column":41}}],"line":43},"7":{"loc":{"start":{"line":58,"column":4},"end":{"line":64,"column":5}},"type":"if","locations":[{"start":{"line":58,"column":4},"end":{"line":64,"column":5}},{"start":{"line":62,"column":11},"end":{"line":64,"column":5}}],"line":58}},"s":{"0":2,"1":2,"2":1,"3":1,"4":1,"5":3,"6":3,"7":1,"8":2,"9":2,"10":1,"11":1,"12":3,"13":3,"14":2,"15":1,"16":1,"17":1,"18":1,"19":1,"20":1,"21":1,"22":1,"23":1,"24":1,"25":1,"26":1,"27":3,"28":3,"29":2,"30":1,"31":1,"32":1,"33":1,"34":1,"35":1},"f":{"0":2,"1":3,"2":3,"3":3},"b":{"0":[1,1],"1":[1,1],"2":[1,0],"3":[1,0],"4":[1,0],"5":[1,0],"6":[1,0],"7":[1,1]},"inputSourceMap":null,"_coverageSchema":"1a1c01bbd47fc00a2c39e90264f33305004495a9","hash":"ac4cea6739335f80e2d488135d121acd1cf28c70"}
,"D:\\Cursos\\Desarrollo_web_Bootcamp\\Modulo_02\\Respaldo\\ecommerce-Project\\middleware\\locationValidator.js": {"path":"D:\\Cursos\\Desarrollo_web_Bootcamp\\Modulo_02\\Respaldo\\ecommerce-Project\\middleware\\locationValidator.js","statementMap":{"0":{"start":{"line":3,"column":26},"end":{"line":18,"column":1}}},"fnMap":{},"branchMap":{},"s":{"0":1},"f":{},"b":{},"inputSourceMap":null,"_coverageSchema":"1a1c01bbd47fc00a2c39e90264f33305004495a9","hash":"9ae919fbbf3b8d6004938559223761799f7c3a0e"}
,"D:\\Cursos\\Desarrollo_web_Bootcamp\\Modulo_02\\Respaldo\\ecommerce-Project\\middleware\\productValidator.js": {"path":"D:\\Cursos\\Desarrollo_web_Bootcamp\\Modulo_02\\Respaldo\\ecommerce-Project\\middleware\\productValidator.js","statementMap":{"0":{"start":{"line":3,"column":25},"end":{"line":47,"column":1}}},"fnMap":{},"branchMap":{},"s":{"0":1},"f":{},"b":{},"inputSourceMap":null,"_coverageSchema":"1a1c01bbd47fc00a2c39e90264f33305004495a9","hash":"9dc6cfae9d9a70924450e05933f33679b1d9274d"}
,"D:\\Cursos\\Desarrollo_web_Bootcamp\\Modulo_02\\Respaldo\\ecommerce-Project\\middleware\\tokenValidator.js": {"path":"D:\\Cursos\\Desarrollo_web_Bootcamp\\Modulo_02\\Respaldo\\ecommerce-Project\\middleware\\tokenValidator.js","statementMap":{"0":{"start":{"line":2,"column":2},"end":{"line":6,"column":3}},"1":{"start":{"line":3,"column":4},"end":{"line":3,"column":11}},"2":{"start":{"line":5,"column":4},"end":{"line":5,"column":66}}},"fnMap":{"0":{"name":"tokenValidator","decl":{"start":{"line":1,"column":15},"end":{"line":1,"column":29}},"loc":{"start":{"line":1,"column":46},"end":{"line":7,"column":1}},"line":1}},"branchMap":{"0":{"loc":{"start":{"line":2,"column":2},"end":{"line":6,"column":3}},"type":"if","locations":[{"start":{"line":2,"column":2},"end":{"line":6,"column":3}},{"start":{"line":4,"column":9},"end":{"line":6,"column":3}}],"line":2}},"s":{"0":0,"1":0,"2":0},"f":{"0":0},"b":{"0":[0,0]},"inputSourceMap":null,"_coverageSchema":"1a1c01bbd47fc00a2c39e90264f33305004495a9","hash":"d6d1543adcaa9a646b87ddc300c939be0a3c3042"}
,"D:\\Cursos\\Desarrollo_web_Bootcamp\\Modulo_02\\Respaldo\\ecommerce-Project\\middleware\\typeUserValidator.js": {"path":"D:\\Cursos\\Desarrollo_web_Bootcamp\\Modulo_02\\Respaldo\\ecommerce-Project\\middleware\\typeUserValidator.js","statementMap":{"0":{"start":{"line":4,"column":15},"end":{"line":4,"column":47}},"1":{"start":{"line":6,"column":2},"end":{"line":8,"column":3}},"2":{"start":{"line":7,"column":4},"end":{"line":7,"column":67}},"3":{"start":{"line":9,"column":2},"end":{"line":9,"column":8}}},"fnMap":{"0":{"name":"typeUserValidator","decl":{"start":{"line":3,"column":15},"end":{"line":3,"column":32}},"loc":{"start":{"line":3,"column":48},"end":{"line":10,"column":1}},"line":3}},"branchMap":{"0":{"loc":{"start":{"line":6,"column":2},"end":{"line":8,"column":3}},"type":"if","locations":[{"start":{"line":6,"column":2},"end":{"line":8,"column":3}},{"start":{},"end":{}}],"line":6}},"s":{"0":0,"1":0,"2":0,"3":0},"f":{"0":0},"b":{"0":[0,0]},"inputSourceMap":null,"_coverageSchema":"1a1c01bbd47fc00a2c39e90264f33305004495a9","hash":"c44de669140cade8d701dea73c70c0dc8a52ed88"}
,"D:\\Cursos\\Desarrollo_web_Bootcamp\\Modulo_02\\Respaldo\\ecommerce-Project\\middleware\\userValidator.js": {"path":"D:\\Cursos\\Desarrollo_web_Bootcamp\\Modulo_02\\Respaldo\\ecommerce-Project\\middleware\\userValidator.js","statementMap":{"0":{"start":{"line":3,"column":22},"end":{"line":38,"column":1}}},"fnMap":{},"branchMap":{},"s":{"0":1},"f":{},"b":{},"inputSourceMap":null,"_coverageSchema":"1a1c01bbd47fc00a2c39e90264f33305004495a9","hash":"f7170dac6a45c4ad9f7062f5a6883a7a38148ac3"}
,"D:\\Cursos\\Desarrollo_web_Bootcamp\\Modulo_02\\Respaldo\\ecommerce-Project\\middleware\\validateFields.js": {"path":"D:\\Cursos\\Desarrollo_web_Bootcamp\\Modulo_02\\Respaldo\\ecommerce-Project\\middleware\\validateFields.js","statementMap":{"0":{"start":{"line":3,"column":23},"end":{"line":9,"column":1}},"1":{"start":{"line":4,"column":17},"end":{"line":4,"column":38}},"2":{"start":{"line":5,"column":2},"end":{"line":7,"column":3}},"3":{"start":{"line":6,"column":4},"end":{"line":6,"column":60}},"4":{"start":{"line":8,"column":2},"end":{"line":8,"column":9}}},"fnMap":{"0":{"name":"(anonymous_0)","decl":{"start":{"line":3,"column":23},"end":{"line":3,"column":24}},"loc":{"start":{"line":3,"column":43},"end":{"line":9,"column":1}},"line":3}},"branchMap":{"0":{"loc":{"start":{"line":5,"column":2},"end":{"line":7,"column":3}},"type":"if","locations":[{"start":{"line":5,"column":2},"end":{"line":7,"column":3}},{"start":{},"end":{}}],"line":5}},"s":{"0":1,"1":0,"2":0,"3":0,"4":0},"f":{"0":0},"b":{"0":[0,0]},"inputSourceMap":null,"_coverageSchema":"1a1c01bbd47fc00a2c39e90264f33305004495a9","hash":"8a96846dd6ad18215038a687bc155cb77539ecfe"}
,"D:\\Cursos\\Desarrollo_web_Bootcamp\\Modulo_02\\Respaldo\\ecommerce-Project\\models\\Location.js": {"path":"D:\\Cursos\\Desarrollo_web_Bootcamp\\Modulo_02\\Respaldo\\ecommerce-Project\\models\\Location.js","statementMap":{"0":{"start":{"line":4,"column":23},"end":{"line":30,"column":1}},"1":{"start":{"line":32,"column":17},"end":{"line":32,"column":59}}},"fnMap":{},"branchMap":{},"s":{"0":2,"1":2},"f":{},"b":{},"inputSourceMap":null,"_coverageSchema":"1a1c01bbd47fc00a2c39e90264f33305004495a9","hash":"194509bd4d593bf2ce1880bc33f3957c877a8683"}
,"D:\\Cursos\\Desarrollo_web_Bootcamp\\Modulo_02\\Respaldo\\ecommerce-Project\\models\\Product.js": {"path":"D:\\Cursos\\Desarrollo_web_Bootcamp\\Modulo_02\\Respaldo\\ecommerce-Project\\models\\Product.js","statementMap":{"0":{"start":{"line":4,"column":22},"end":{"line":47,"column":1}},"1":{"start":{"line":49,"column":16},"end":{"line":49,"column":56}}},"fnMap":{},"branchMap":{},"s":{"0":2,"1":2},"f":{},"b":{},"inputSourceMap":null,"_coverageSchema":"1a1c01bbd47fc00a2c39e90264f33305004495a9","hash":"572f195ffee50e5775dd50443345399b1ed7bede"}
,"D:\\Cursos\\Desarrollo_web_Bootcamp\\Modulo_02\\Respaldo\\ecommerce-Project\\models\\ProductCategory.js": {"path":"D:\\Cursos\\Desarrollo_web_Bootcamp\\Modulo_02\\Respaldo\\ecommerce-Project\\models\\ProductCategory.js","statementMap":{"0":{"start":{"line":3,"column":30},"end":{"line":36,"column":1}},"1":{"start":{"line":38,"column":24},"end":{"line":41,"column":1}}},"fnMap":{},"branchMap":{},"s":{"0":3,"1":3},"f":{},"b":{},"inputSourceMap":null,"_coverageSchema":"1a1c01bbd47fc00a2c39e90264f33305004495a9","hash":"3365455fbd57b418734e7624c40f7dc9dc6d7591"}
,"D:\\Cursos\\Desarrollo_web_Bootcamp\\Modulo_02\\Respaldo\\ecommerce-Project\\models\\PurchaseOrder.js": {"path":"D:\\Cursos\\Desarrollo_web_Bootcamp\\Modulo_02\\Respaldo\\ecommerce-Project\\models\\PurchaseOrder.js","statementMap":{"0":{"start":{"line":6,"column":28},"end":{"line":48,"column":1}},"1":{"start":{"line":50,"column":22},"end":{"line":50,"column":74}}},"fnMap":{},"branchMap":{},"s":{"0":1,"1":1},"f":{},"b":{},"inputSourceMap":null,"_coverageSchema":"1a1c01bbd47fc00a2c39e90264f33305004495a9","hash":"9eefc222a6449302595d09ec69833c56080136a7"}
,"D:\\Cursos\\Desarrollo_web_Bootcamp\\Modulo_02\\Respaldo\\ecommerce-Project\\models\\User.js": {"path":"D:\\Cursos\\Desarrollo_web_Bootcamp\\Modulo_02\\Respaldo\\ecommerce-Project\\models\\User.js","statementMap":{"0":{"start":{"line":6,"column":19},"end":{"line":39,"column":1}},"1":{"start":{"line":41,"column":0},"end":{"line":41,"column":35}},"2":{"start":{"line":43,"column":0},"end":{"line":47,"column":3}},"3":{"start":{"line":44,"column":15},"end":{"line":44,"column":52}},"4":{"start":{"line":45,"column":2},"end":{"line":45,"column":23}},"5":{"start":{"line":46,"column":2},"end":{"line":46,"column":9}},"6":{"start":{"line":49,"column":13},"end":{"line":49,"column":47}}},"fnMap":{"0":{"name":"(anonymous_0)","decl":{"start":{"line":43,"column":23},"end":{"line":43,"column":24}},"loc":{"start":{"line":43,"column":45},"end":{"line":47,"column":1}},"line":43}},"branchMap":{},"s":{"0":3,"1":3,"2":3,"3":0,"4":0,"5":0,"6":3},"f":{"0":0},"b":{},"inputSourceMap":null,"_coverageSchema":"1a1c01bbd47fc00a2c39e90264f33305004495a9","hash":"11e175d01eb19b52ad87d231c0a2d67dba6d6297"}
,"D:\\Cursos\\Desarrollo_web_Bootcamp\\Modulo_02\\Respaldo\\ecommerce-Project\\routes\\CategoriRoutes.js": {"path":"D:\\Cursos\\Desarrollo_web_Bootcamp\\Modulo_02\\Respaldo\\ecommerce-Project\\routes\\CategoriRoutes.js","statementMap":{"0":{"start":{"line":8,"column":15},"end":{"line":8,"column":31}},"1":{"start":{"line":10,"column":0},"end":{"line":10,"column":63}},"2":{"start":{"line":11,"column":0},"end":{"line":11,"column":68}},"3":{"start":{"line":12,"column":0},"end":{"line":12,"column":163}},"4":{"start":{"line":13,"column":0},"end":{"line":13,"column":163}},"5":{"start":{"line":14,"column":0},"end":{"line":14,"column":165}}},"fnMap":{},"branchMap":{},"s":{"0":1,"1":1,"2":1,"3":1,"4":1,"5":1},"f":{},"b":{},"inputSourceMap":null,"_coverageSchema":"1a1c01bbd47fc00a2c39e90264f33305004495a9","hash":"e6801006d3fc107dc831007fcef909da1b00816f"}
,"D:\\Cursos\\Desarrollo_web_Bootcamp\\Modulo_02\\Respaldo\\ecommerce-Project\\routes\\authRoutes.js": {"path":"D:\\Cursos\\Desarrollo_web_Bootcamp\\Modulo_02\\Respaldo\\ecommerce-Project\\routes\\authRoutes.js","statementMap":{"0":{"start":{"line":4,"column":15},"end":{"line":4,"column":31}},"1":{"start":{"line":6,"column":0},"end":{"line":6,"column":48}}},"fnMap":{},"branchMap":{},"s":{"0":1,"1":1},"f":{},"b":{},"inputSourceMap":null,"_coverageSchema":"1a1c01bbd47fc00a2c39e90264f33305004495a9","hash":"0ab2c94c2df94e879a64b0c7f0da539be8af809b"}
,"D:\\Cursos\\Desarrollo_web_Bootcamp\\Modulo_02\\Respaldo\\ecommerce-Project\\routes\\locationRoutes.js": {"path":"D:\\Cursos\\Desarrollo_web_Bootcamp\\Modulo_02\\Respaldo\\ecommerce-Project\\routes\\locationRoutes.js","statementMap":{"0":{"start":{"line":8,"column":15},"end":{"line":8,"column":31}},"1":{"start":{"line":10,"column":0},"end":{"line":10,"column":56}},"2":{"start":{"line":11,"column":0},"end":{"line":12,"column":109}},"3":{"start":{"line":13,"column":0},"end":{"line":19,"column":2}},"4":{"start":{"line":21,"column":0},"end":{"line":25,"column":2}},"5":{"start":{"line":26,"column":0},"end":{"line":30,"column":2}}},"fnMap":{},"branchMap":{},"s":{"0":1,"1":1,"2":1,"3":1,"4":1,"5":1},"f":{},"b":{},"inputSourceMap":null,"_coverageSchema":"1a1c01bbd47fc00a2c39e90264f33305004495a9","hash":"fc1392601a93397bdea32b03f0d730ba9999f7cb"}
,"D:\\Cursos\\Desarrollo_web_Bootcamp\\Modulo_02\\Respaldo\\ecommerce-Project\\routes\\productRoutes.js": {"path":"D:\\Cursos\\Desarrollo_web_Bootcamp\\Modulo_02\\Respaldo\\ecommerce-Project\\routes\\productRoutes.js","statementMap":{"0":{"start":{"line":12,"column":15},"end":{"line":12,"column":31}},"1":{"start":{"line":14,"column":0},"end":{"line":14,"column":54}},"2":{"start":{"line":15,"column":0},"end":{"line":15,"column":62}},"3":{"start":{"line":16,"column":0},"end":{"line":25,"column":2}},"4":{"start":{"line":26,"column":0},"end":{"line":33,"column":2}},"5":{"start":{"line":34,"column":0},"end":{"line":40,"column":2}}},"fnMap":{},"branchMap":{},"s":{"0":1,"1":1,"2":1,"3":1,"4":1,"5":1},"f":{},"b":{},"inputSourceMap":null,"_coverageSchema":"1a1c01bbd47fc00a2c39e90264f33305004495a9","hash":"c2b8b8b2f7160329638d98a920bce78fe83a2aa0"}
,"D:\\Cursos\\Desarrollo_web_Bootcamp\\Modulo_02\\Respaldo\\ecommerce-Project\\routes\\purchOrdRoutes.js": {"path":"D:\\Cursos\\Desarrollo_web_Bootcamp\\Modulo_02\\Respaldo\\ecommerce-Project\\routes\\purchOrdRoutes.js","statementMap":{"0":{"start":{"line":7,"column":15},"end":{"line":7,"column":31}},"1":{"start":{"line":9,"column":0},"end":{"line":13,"column":2}},"2":{"start":{"line":15,"column":0},"end":{"line":19,"column":2}},"3":{"start":{"line":21,"column":0},"end":{"line":26,"column":2}},"4":{"start":{"line":27,"column":0},"end":{"line":31,"column":2}}},"fnMap":{},"branchMap":{},"s":{"0":1,"1":1,"2":1,"3":1,"4":1},"f":{},"b":{},"inputSourceMap":null,"_coverageSchema":"1a1c01bbd47fc00a2c39e90264f33305004495a9","hash":"f7ab65dc99a30bd7c473c332daa8eeb38359664a"}
,"D:\\Cursos\\Desarrollo_web_Bootcamp\\Modulo_02\\Respaldo\\ecommerce-Project\\routes\\userRoutes.js": {"path":"D:\\Cursos\\Desarrollo_web_Bootcamp\\Modulo_02\\Respaldo\\ecommerce-Project\\routes\\userRoutes.js","statementMap":{"0":{"start":{"line":10,"column":15},"end":{"line":10,"column":31}},"1":{"start":{"line":12,"column":0},"end":{"line":12,"column":48}},"2":{"start":{"line":13,"column":0},"end":{"line":19,"column":2}},"3":{"start":{"line":20,"column":0},"end":{"line":25,"column":2}},"4":{"start":{"line":26,"column":0},"end":{"line":30,"column":2}}},"fnMap":{},"branchMap":{},"s":{"0":1,"1":1,"2":1,"3":1,"4":1},"f":{},"b":{},"inputSourceMap":null,"_coverageSchema":"1a1c01bbd47fc00a2c39e90264f33305004495a9","hash":"8c2edaa22056f4f737e45d62eb1a1ad12c776f52"}
}
