{"D:\\Cursos\\Desarrollo_web_Bootcamp\\Modulo_02\\Respaldo\\ecommerce-Project\\controllers\\productController.js": {"path":"D:\\Cursos\\Desarrollo_web_Bootcamp\\Modulo_02\\Respaldo\\ecommerce-Project\\controllers\\productController.js","statementMap":{"0":{"start":{"line":5,"column":2},"end":{"line":14,"column":3}},"1":{"start":{"line":6,"column":21},"end":{"line":9,"column":5}},"2":{"start":{"line":10,"column":4},"end":{"line":10,"column":44}},"3":{"start":{"line":11,"column":4},"end":{"line":11,"column":42}},"4":{"start":{"line":13,"column":4},"end":{"line":13,"column":46}},"5":{"start":{"line":30,"column":2},"end":{"line":39,"column":3}},"6":{"start":{"line":31,"column":20},"end":{"line":31,"column":78}},"7":{"start":{"line":32,"column":4},"end":{"line":36,"column":5}},"8":{"start":{"line":33,"column":6},"end":{"line":33,"column":36}},"9":{"start":{"line":35,"column":6},"end":{"line":35,"column":53}},"10":{"start":{"line":38,"column":4},"end":{"line":38,"column":40}},"11":{"start":{"line":43,"column":2},"end":{"line":67,"column":3}},"12":{"start":{"line":45,"column":6},"end":{"line":45,"column":14}},"13":{"start":{"line":46,"column":24},"end":{"line":46,"column":26}},"14":{"start":{"line":48,"column":4},"end":{"line":50,"column":5}},"15":{"start":{"line":49,"column":6},"end":{"line":49,"column":38}},"16":{"start":{"line":52,"column":23},"end":{"line":62,"column":6}},"17":{"start":{"line":64,"column":4},"end":{"line":64,"column":76}},"18":{"start":{"line":66,"column":4},"end":{"line":66,"column":40}},"19":{"start":{"line":71,"column":2},"end":{"line":97,"column":3}},"20":{"start":{"line":72,"column":20},"end":{"line":72,"column":55}},"21":{"start":{"line":73,"column":4},"end":{"line":94,"column":5}},"22":{"start":{"line":75,"column":8},"end":{"line":75,"column":16}},"23":{"start":{"line":76,"column":26},"end":{"line":76,"column":28}},"24":{"start":{"line":78,"column":6},"end":{"line":80,"column":7}},"25":{"start":{"line":79,"column":8},"end":{"line":79,"column":40}},"26":{"start":{"line":81,"column":6},"end":{"line":81,"column":42}},"27":{"start":{"line":82,"column":6},"end":{"line":82,"column":42}},"28":{"start":{"line":83,"column":6},"end":{"line":83,"column":45}},"29":{"start":{"line":84,"column":6},"end":{"line":84,"column":45}},"30":{"start":{"line":85,"column":6},"end":{"line":85,"column":54}},"31":{"start":{"line":86,"column":6},"end":{"line":86,"column":45}},"32":{"start":{"line":87,"column":6},"end":{"line":87,"column":53}},"33":{"start":{"line":88,"column":6},"end":{"line":88,"column":63}},"34":{"start":{"line":89,"column":6},"end":{"line":89,"column":42}},"35":{"start":{"line":90,"column":6},"end":{"line":90,"column":27}},"36":{"start":{"line":91,"column":6},"end":{"line":91,"column":43}},"37":{"start":{"line":93,"column":6},"end":{"line":93,"column":66}},"38":{"start":{"line":96,"column":4},"end":{"line":96,"column":40}},"39":{"start":{"line":101,"column":2},"end":{"line":112,"column":3}},"40":{"start":{"line":102,"column":27},"end":{"line":102,"column":62}},"41":{"start":{"line":103,"column":4},"end":{"line":109,"column":5}},"42":{"start":{"line":104,"column":6},"end":{"line":104,"column":43}},"43":{"start":{"line":105,"column":6},"end":{"line":105,"column":34}},"44":{"start":{"line":106,"column":6},"end":{"line":106,"column":79}},"45":{"start":{"line":108,"column":6},"end":{"line":108,"column":66}},"46":{"start":{"line":111,"column":4},"end":{"line":111,"column":40}}},"fnMap":{"0":{"name":"getAll","decl":{"start":{"line":4,"column":22},"end":{"line":4,"column":28}},"loc":{"start":{"line":4,"column":39},"end":{"line":15,"column":1}},"line":4},"1":{"name":"getOneById","decl":{"start":{"line":29,"column":22},"end":{"line":29,"column":32}},"loc":{"start":{"line":29,"column":43},"end":{"line":40,"column":1}},"line":29},"2":{"name":"create","decl":{"start":{"line":42,"column":22},"end":{"line":42,"column":28}},"loc":{"start":{"line":42,"column":39},"end":{"line":68,"column":1}},"line":42},"3":{"name":"update","decl":{"start":{"line":70,"column":22},"end":{"line":70,"column":28}},"loc":{"start":{"line":70,"column":39},"end":{"line":98,"column":1}},"line":70},"4":{"name":"destroy","decl":{"start":{"line":100,"column":22},"end":{"line":100,"column":29}},"loc":{"start":{"line":100,"column":40},"end":{"line":113,"column":1}},"line":100}},"branchMap":{"0":{"loc":{"start":{"line":32,"column":4},"end":{"line":36,"column":5}},"type":"if","locations":[{"start":{"line":32,"column":4},"end":{"line":36,"column":5}},{"start":{"line":34,"column":11},"end":{"line":36,"column":5}}],"line":32},"1":{"loc":{"start":{"line":73,"column":4},"end":{"line":94,"column":5}},"type":"if","locations":[{"start":{"line":73,"column":4},"end":{"line":94,"column":5}},{"start":{"line":92,"column":11},"end":{"line":94,"column":5}}],"line":73},"2":{"loc":{"start":{"line":81,"column":21},"end":{"line":81,"column":41}},"type":"binary-expr","locations":[{"start":{"line":81,"column":21},"end":{"line":81,"column":25}},{"start":{"line":81,"column":29},"end":{"line":81,"column":41}}],"line":81},"3":{"loc":{"start":{"line":82,"column":21},"end":{"line":82,"column":41}},"type":"binary-expr","locations":[{"start":{"line":82,"column":21},"end":{"line":82,"column":25}},{"start":{"line":82,"column":29},"end":{"line":82,"column":41}}],"line":82},"4":{"loc":{"start":{"line":83,"column":22},"end":{"line":83,"column":44}},"type":"binary-expr","locations":[{"start":{"line":83,"column":22},"end":{"line":83,"column":27}},{"start":{"line":83,"column":31},"end":{"line":83,"column":44}}],"line":83},"5":{"loc":{"start":{"line":84,"column":22},"end":{"line":84,"column":44}},"type":"binary-expr","locations":[{"start":{"line":84,"column":22},"end":{"line":84,"column":27}},{"start":{"line":84,"column":31},"end":{"line":84,"column":44}}],"line":84},"6":{"loc":{"start":{"line":85,"column":25},"end":{"line":85,"column":53}},"type":"binary-expr","locations":[{"start":{"line":85,"column":25},"end":{"line":85,"column":33}},{"start":{"line":85,"column":37},"end":{"line":85,"column":53}}],"line":85},"7":{"loc":{"start":{"line":86,"column":22},"end":{"line":86,"column":44}},"type":"binary-expr","locations":[{"start":{"line":86,"column":22},"end":{"line":86,"column":27}},{"start":{"line":86,"column":31},"end":{"line":86,"column":44}}],"line":86},"8":{"loc":{"start":{"line":87,"column":23},"end":{"line":87,"column":52}},"type":"binary-expr","locations":[{"start":{"line":87,"column":23},"end":{"line":87,"column":34}},{"start":{"line":87,"column":38},"end":{"line":87,"column":52}}],"line":87},"9":{"loc":{"start":{"line":88,"column":28},"end":{"line":88,"column":62}},"type":"binary-expr","locations":[{"start":{"line":88,"column":28},"end":{"line":88,"column":39}},{"start":{"line":88,"column":43},"end":{"line":88,"column":62}}],"line":88},"10":{"loc":{"start":{"line":89,"column":21},"end":{"line":89,"column":41}},"type":"binary-expr","locations":[{"start":{"line":89,"column":21},"end":{"line":89,"column":25}},{"start":{"line":89,"column":29},"end":{"line":89,"column":41}}],"line":89},"11":{"loc":{"start":{"line":103,"column":4},"end":{"line":109,"column":5}},"type":"if","locations":[{"start":{"line":103,"column":4},"end":{"line":109,"column":5}},{"start":{"line":107,"column":11},"end":{"line":109,"column":5}}],"line":103}},"s":{"0":2,"1":2,"2":1,"3":1,"4":1,"5":3,"6":3,"7":2,"8":1,"9":1,"10":1,"11":2,"12":2,"13":2,"14":2,"15":4,"16":2,"17":1,"18":1,"19":3,"20":3,"21":2,"22":1,"23":1,"24":1,"25":2,"26":1,"27":1,"28":1,"29":1,"30":1,"31":1,"32":1,"33":1,"34":1,"35":1,"36":1,"37":1,"38":1,"39":3,"40":3,"41":2,"42":1,"43":1,"44":1,"45":1,"46":1},"f":{"0":2,"1":3,"2":2,"3":3,"4":3},"b":{"0":[1,1],"1":[1,1],"2":[1,0],"3":[1,0],"4":[1,0],"5":[1,0],"6":[1,0],"7":[1,0],"8":[1,0],"9":[1,0],"10":[1,0],"11":[1,1]},"inputSourceMap":null,"_coverageSchema":"1a1c01bbd47fc00a2c39e90264f33305004495a9","hash":"b991b308930ce0b49c247c30e9819db8226324ca"}
,"D:\\Cursos\\Desarrollo_web_Bootcamp\\Modulo_02\\Respaldo\\ecommerce-Project\\controllers\\userController.js": {"path":"D:\\Cursos\\Desarrollo_web_Bootcamp\\Modulo_02\\Respaldo\\ecommerce-Project\\controllers\\userController.js","statementMap":{"0":{"start":{"line":4,"column":2},"end":{"line":10,"column":3}},"1":{"start":{"line":5,"column":18},"end":{"line":5,"column":35}},"2":{"start":{"line":6,"column":4},"end":{"line":6,"column":39}},"3":{"start":{"line":8,"column":4},"end":{"line":8,"column":23}},"4":{"start":{"line":9,"column":4},"end":{"line":9,"column":47}},"5":{"start":{"line":14,"column":2},"end":{"line":30,"column":3}},"6":{"start":{"line":15,"column":20},"end":{"line":22,"column":6}},"7":{"start":{"line":23,"column":4},"end":{"line":23,"column":73}},"8":{"start":{"line":25,"column":4},"end":{"line":25,"column":23}},"9":{"start":{"line":26,"column":4},"end":{"line":28,"column":5}},"10":{"start":{"line":27,"column":6},"end":{"line":27,"column":76}},"11":{"start":{"line":29,"column":4},"end":{"line":29,"column":46}},"12":{"start":{"line":34,"column":2},"end":{"line":52,"column":3}},"13":{"start":{"line":35,"column":17},"end":{"line":35,"column":49}},"14":{"start":{"line":36,"column":4},"end":{"line":48,"column":5}},"15":{"start":{"line":37,"column":50},"end":{"line":37,"column":58}},"16":{"start":{"line":38,"column":21},"end":{"line":38,"column":38}},"17":{"start":{"line":39,"column":6},"end":{"line":39,"column":36}},"18":{"start":{"line":40,"column":6},"end":{"line":40,"column":48}},"19":{"start":{"line":41,"column":6},"end":{"line":41,"column":39}},"20":{"start":{"line":42,"column":6},"end":{"line":42,"column":48}},"21":{"start":{"line":43,"column":6},"end":{"line":43,"column":42}},"22":{"start":{"line":44,"column":6},"end":{"line":44,"column":24}},"23":{"start":{"line":45,"column":6},"end":{"line":45,"column":64}},"24":{"start":{"line":47,"column":6},"end":{"line":47,"column":63}},"25":{"start":{"line":50,"column":4},"end":{"line":50,"column":23}},"26":{"start":{"line":51,"column":4},"end":{"line":51,"column":46}},"27":{"start":{"line":56,"column":2},"end":{"line":68,"column":3}},"28":{"start":{"line":57,"column":25},"end":{"line":57,"column":57}},"29":{"start":{"line":58,"column":4},"end":{"line":64,"column":5}},"30":{"start":{"line":59,"column":6},"end":{"line":59,"column":41}},"31":{"start":{"line":60,"column":6},"end":{"line":60,"column":32}},"32":{"start":{"line":61,"column":6},"end":{"line":61,"column":76}},"33":{"start":{"line":63,"column":6},"end":{"line":63,"column":63}},"34":{"start":{"line":66,"column":4},"end":{"line":66,"column":23}},"35":{"start":{"line":67,"column":4},"end":{"line":67,"column":46}}},"fnMap":{"0":{"name":"getAll","decl":{"start":{"line":3,"column":22},"end":{"line":3,"column":28}},"loc":{"start":{"line":3,"column":39},"end":{"line":11,"column":1}},"line":3},"1":{"name":"create","decl":{"start":{"line":13,"column":22},"end":{"line":13,"column":28}},"loc":{"start":{"line":13,"column":39},"end":{"line":31,"column":1}},"line":13},"2":{"name":"update","decl":{"start":{"line":33,"column":22},"end":{"line":33,"column":28}},"loc":{"start":{"line":33,"column":39},"end":{"line":53,"column":1}},"line":33},"3":{"name":"destroy","decl":{"start":{"line":55,"column":22},"end":{"line":55,"column":29}},"loc":{"start":{"line":55,"column":40},"end":{"line":69,"column":1}},"line":55}},"branchMap":{"0":{"loc":{"start":{"line":26,"column":4},"end":{"line":28,"column":5}},"type":"if","locations":[{"start":{"line":26,"column":4},"end":{"line":28,"column":5}},{"start":{},"end":{}}],"line":26},"1":{"loc":{"start":{"line":36,"column":4},"end":{"line":48,"column":5}},"type":"if","locations":[{"start":{"line":36,"column":4},"end":{"line":48,"column":5}},{"start":{"line":46,"column":11},"end":{"line":48,"column":5}}],"line":36},"2":{"loc":{"start":{"line":39,"column":18},"end":{"line":39,"column":35}},"type":"binary-expr","locations":[{"start":{"line":39,"column":18},"end":{"line":39,"column":22}},{"start":{"line":39,"column":26},"end":{"line":39,"column":35}}],"line":39},"3":{"loc":{"start":{"line":40,"column":22},"end":{"line":40,"column":47}},"type":"binary-expr","locations":[{"start":{"line":40,"column":22},"end":{"line":40,"column":30}},{"start":{"line":40,"column":34},"end":{"line":40,"column":47}}],"line":40},"4":{"loc":{"start":{"line":41,"column":19},"end":{"line":41,"column":38}},"type":"binary-expr","locations":[{"start":{"line":41,"column":19},"end":{"line":41,"column":24}},{"start":{"line":41,"column":28},"end":{"line":41,"column":38}}],"line":41},"5":{"loc":{"start":{"line":42,"column":22},"end":{"line":42,"column":47}},"type":"binary-expr","locations":[{"start":{"line":42,"column":22},"end":{"line":42,"column":30}},{"start":{"line":42,"column":34},"end":{"line":42,"column":47}}],"line":42},"6":{"loc":{"start":{"line":43,"column":20},"end":{"line":43,"column":41}},"type":"binary-expr","locations":[{"start":{"line":43,"column":20},"end":{"line":43,"column":26}},{"start":{"line":43,"column":30},"end":{"line":43,"column":41}}],"line":43},"7":{"loc":{"start":{"line":58,"column":4},"end":{"line":64,"column":5}},"type":"if","locations":[{"start":{"line":58,"column":4},"end":{"line":64,"column":5}},{"start":{"line":62,"column":11},"end":{"line":64,"column":5}}],"line":58}},"s":{"0":2,"1":2,"2":1,"3":1,"4":1,"5":3,"6":3,"7":1,"8":2,"9":2,"10":1,"11":1,"12":3,"13":3,"14":2,"15":1,"16":1,"17":1,"18":1,"19":1,"20":1,"21":1,"22":1,"23":1,"24":1,"25":1,"26":1,"27":3,"28":3,"29":2,"30":1,"31":1,"32":1,"33":1,"34":1,"35":1},"f":{"0":2,"1":3,"2":3,"3":3},"b":{"0":[1,1],"1":[1,1],"2":[1,0],"3":[1,0],"4":[1,0],"5":[1,0],"6":[1,0],"7":[1,1]},"inputSourceMap":null,"_coverageSchema":"1a1c01bbd47fc00a2c39e90264f33305004495a9","hash":"ac4cea6739335f80e2d488135d121acd1cf28c70"}
,"D:\\Cursos\\Desarrollo_web_Bootcamp\\Modulo_02\\Respaldo\\ecommerce-Project\\models\\ProductCategory.js": {"path":"D:\\Cursos\\Desarrollo_web_Bootcamp\\Modulo_02\\Respaldo\\ecommerce-Project\\models\\ProductCategory.js","statementMap":{"0":{"start":{"line":3,"column":30},"end":{"line":36,"column":1}},"1":{"start":{"line":38,"column":24},"end":{"line":41,"column":1}}},"fnMap":{},"branchMap":{},"s":{"0":1,"1":1},"f":{},"b":{},"inputSourceMap":null,"_coverageSchema":"1a1c01bbd47fc00a2c39e90264f33305004495a9","hash":"3365455fbd57b418734e7624c40f7dc9dc6d7591"}
}
