TN:
SF:controllers\userController.js
FN:3,getAll
FN:13,create
FN:33,update
FN:55,destroy
FNF:4
FNH:4
FNDA:2,getAll
FNDA:2,create
FNDA:3,update
FNDA:3,destroy
DA:4,2
DA:5,2
DA:6,1
DA:8,1
DA:9,1
DA:14,2
DA:15,2
DA:23,1
DA:25,1
DA:26,1
DA:27,0
DA:29,1
DA:34,3
DA:35,3
DA:36,2
DA:37,1
DA:38,1
DA:39,1
DA:40,1
DA:41,1
DA:42,1
DA:43,1
DA:44,1
DA:45,1
DA:47,1
DA:50,1
DA:51,1
DA:56,3
DA:57,3
DA:58,2
DA:59,1
DA:60,1
DA:61,1
DA:63,1
DA:66,1
DA:67,1
LF:36
LH:35
BRDA:26,0,0,0
BRDA:26,0,1,1
BRDA:36,1,0,1
BRDA:36,1,1,1
BRDA:39,2,0,1
BRDA:39,2,1,0
BRDA:40,3,0,1
BRDA:40,3,1,0
BRDA:41,4,0,1
BRDA:41,4,1,0
BRDA:42,5,0,1
BRDA:42,5,1,0
BRDA:43,6,0,1
BRDA:43,6,1,0
BRDA:58,7,0,1
BRDA:58,7,1,1
BRF:16
BRH:10
end_of_record
