TN:
SF:controllers\productController.js
FN:4,getAll
FN:29,getOneById
FN:42,create
FN:70,update
FN:100,destroy
FNF:5
FNH:5
FNDA:2,getAll
FNDA:3,getOneById
FNDA:2,create
FNDA:3,update
FNDA:3,destroy
DA:5,2
DA:6,2
DA:10,1
DA:11,1
DA:13,1
DA:30,3
DA:31,3
DA:32,2
DA:33,1
DA:35,1
DA:38,1
DA:43,2
DA:45,2
DA:46,2
DA:48,2
DA:49,4
DA:52,2
DA:64,1
DA:66,1
DA:71,3
DA:72,3
DA:73,2
DA:75,1
DA:76,1
DA:78,1
DA:79,2
DA:81,1
DA:82,1
DA:83,1
DA:84,1
DA:85,1
DA:86,1
DA:87,1
DA:88,1
DA:89,1
DA:90,1
DA:91,1
DA:93,1
DA:96,1
DA:101,3
DA:102,3
DA:103,2
DA:104,1
DA:105,1
DA:106,1
DA:108,1
DA:111,1
LF:47
LH:47
BRDA:32,0,0,1
BRDA:32,0,1,1
BRDA:73,1,0,1
BRDA:73,1,1,1
BRDA:81,2,0,1
BRDA:81,2,1,0
BRDA:82,3,0,1
BRDA:82,3,1,0
BRDA:83,4,0,1
BRDA:83,4,1,0
BRDA:84,5,0,1
BRDA:84,5,1,0
BRDA:85,6,0,1
BRDA:85,6,1,0
BRDA:86,7,0,1
BRDA:86,7,1,0
BRDA:87,8,0,1
BRDA:87,8,1,0
BRDA:88,9,0,1
BRDA:88,9,1,0
BRDA:89,10,0,1
BRDA:89,10,1,0
BRDA:103,11,0,1
BRDA:103,11,1,1
BRF:24
BRH:15
end_of_record
TN:
SF:controllers\userController.js
FN:3,getAll
FN:13,create
FN:33,update
FN:55,destroy
FNF:4
FNH:4
FNDA:2,getAll
FNDA:3,create
FNDA:3,update
FNDA:3,destroy
DA:4,2
DA:5,2
DA:6,1
DA:8,1
DA:9,1
DA:14,3
DA:15,3
DA:23,1
DA:25,2
DA:26,2
DA:27,1
DA:29,1
DA:34,3
DA:35,3
DA:36,2
DA:37,1
DA:38,1
DA:39,1
DA:40,1
DA:41,1
DA:42,1
DA:43,1
DA:44,1
DA:45,1
DA:47,1
DA:50,1
DA:51,1
DA:56,3
DA:57,3
DA:58,2
DA:59,1
DA:60,1
DA:61,1
DA:63,1
DA:66,1
DA:67,1
LF:36
LH:36
BRDA:26,0,0,1
BRDA:26,0,1,1
BRDA:36,1,0,1
BRDA:36,1,1,1
BRDA:39,2,0,1
BRDA:39,2,1,0
BRDA:40,3,0,1
BRDA:40,3,1,0
BRDA:41,4,0,1
BRDA:41,4,1,0
BRDA:42,5,0,1
BRDA:42,5,1,0
BRDA:43,6,0,1
BRDA:43,6,1,0
BRDA:58,7,0,1
BRDA:58,7,1,1
BRF:16
BRH:11
end_of_record
TN:
SF:models\ProductCategory.js
FNF:0
FNH:0
DA:3,1
DA:38,1
LF:2
LH:2
BRF:0
BRH:0
end_of_record
